<?xml version="1.0" encoding="UTF-8"?>
<!-- Generated by org.testng.reporters.JUnitXMLReporter -->
<testsuite hostname="Lenovo-PC" ignored="0" name="BankingApp Test" tests="2" failures="0" timestamp="20 Jan 2022 13:33:19 GMT" time="1.434" errors="0">
  <testcase name="@BeforeClass setup" time="0.064" classname="com.inetbanking.testCases.BaseClass">
    <failure type="java.lang.Error" message="Unresolved compilation problem: 
	FirefoxDriver cannot be resolved to a type
">
      <![CDATA[java.lang.Error: Unresolved compilation problem: 
FirefoxDriver cannot be resolved to a type

at com.inetbanking.testCases.BaseClass.setup(BaseClass.java:49)
... Removed 26 stack frames]]>
    </failure>
  </testcase> <!-- @BeforeClass setup -->
  <testcase name="@AfterClass tearDown" time="0.0" classname="com.inetbanking.testCases.BaseClass">
    <skipped/>
  </testcase> <!-- @AfterClass tearDown -->
  <testcase name="@BeforeClass setup" time="0.0" classname="com.inetbanking.testCases.BaseClass">
    <failure type="java.lang.Error" message="Unresolved compilation problem: 
	FirefoxDriver cannot be resolved to a type
">
      <![CDATA[java.lang.Error: Unresolved compilation problem: 
FirefoxDriver cannot be resolved to a type

at com.inetbanking.testCases.BaseClass.setup(BaseClass.java:49)
... Removed 26 stack frames]]>
    </failure>
  </testcase> <!-- @BeforeClass setup -->
  <testcase name="@AfterClass tearDown" time="0.0" classname="com.inetbanking.testCases.BaseClass">
    <skipped/>
  </testcase> <!-- @AfterClass tearDown -->
  <testcase name="loginTest" time="0.0" classname="com.inetbanking.testCases.TC_LoginTest_001">
    <skipped/>
  </testcase> <!-- loginTest -->
  <testcase name="addNewCustomer" time="0.0" classname="com.inetbanking.testCases.TC_AddCustomerTest_003">
    <skipped/>
  </testcase> <!-- addNewCustomer -->
</testsuite> <!-- BankingApp Test -->
